# JRE version: OpenJDK Runtime Environment (11.0.10) (build 11.0.10+0-b96-7249189)
# Java VM: OpenJDK 64-Bit Server VM (11.0.10+0-b96-7249189, mixed mode, tiered, compressed oops, g1 gc, linux-amd64)
Heap:
 garbage-first heap   total 372736K, used 123763K [0x0000000080000000, 0x0000000100000000)
  region size 1024K, 6 young (6144K), 4 survivors (4096K)
 Metaspace       used 184495K, capacity 189844K, committed 192460K, reserved 1218560K
  class space    used 21696K, capacity 23650K, committed 24268K, reserved 1048576K
GC Heap History (20 events):
Event: 4679.120 GC heap before
{Heap before GC invocations=159 (full 0):
 garbage-first heap   total 519168K, used 380117K [0x0000000080000000, 0x0000000100000000)
  region size 1024K, 173 young (177152K), 3 survivors (3072K)
 Metaspace       used 185486K, capacity 191571K, committed 191692K, reserved 1216512K
  class space    used 21880K, capacity 23999K, committed 24012K, reserved 1048576K
}
Event: 4679.134 GC heap after
{Heap after GC invocations=160 (full 0):
 garbage-first heap   total 519168K, used 213585K [0x0000000080000000, 0x0000000100000000)
  region size 1024K, 11 young (11264K), 11 survivors (11264K)
 Metaspace       used 185486K, capacity 191571K, committed 191692K, reserved 1216512K
  class space    used 21880K, capacity 23999K, committed 24012K, reserved 1048576K
}
Event: 4679.473 GC heap before
{Heap before GC invocations=161 (full 0):
 garbage-first heap   total 519168K, used 390737K [0x0000000080000000, 0x0000000100000000)
  region size 1024K, 185 young (189440K), 11 survivors (11264K)
 Metaspace       used 185491K, capacity 191571K, committed 191692K, reserved 1216512K
  class space    used 21880K, capacity 23999K, committed 24012K, reserved 1048576K
}
Event: 4679.481 GC heap after
{Heap after GC invocations=162 (full 0):
 garbage-first heap   total 519168K, used 212341K [0x0000000080000000, 0x0000000100000000)
  region size 1024K, 11 young (11264K), 11 survivors (11264K)
 Metaspace       used 185491K, capacity 191571K, committed 191692K, reserved 1216512K
  class space    used 21880K, capacity 23999K, committed 24012K, reserved 1048576K
}
Event: 4679.547 GC heap before
{Heap before GC invocations=162 (full 0):
 garbage-first heap   total 519168K, used 226677K [0x0000000080000000, 0x0000000100000000)
  region size 1024K, 25 young (25600K), 11 survivors (11264K)
 Metaspace       used 185491K, capacity 191571K, committed 191692K, reserved 1216512K
  class space    used 21880K, capacity 23999K, committed 24012K, reserved 1048576K
}
Event: 4679.556 GC heap after
{Heap after GC invocations=163 (full 0):
 garbage-first heap   total 519168K, used 211385K [0x0000000080000000, 0x0000000100000000)
  region size 1024K, 3 young (3072K), 3 survivors (3072K)
 Metaspace       used 185491K, capacity 191571K, committed 191692K, reserved 1216512K
  class space    used 21880K, capacity 23999K, committed 24012K, reserved 1048576K
}
Event: 4681.793 GC heap before
{Heap before GC invocations=163 (full 0):
 garbage-first heap   total 519168K, used 238009K [0x0000000080000000, 0x0000000100000000)
  region size 1024K, 31 young (31744K), 3 survivors (3072K)
 Metaspace       used 185515K, capacity 191655K, committed 191948K, reserved 1216512K
  class space    used 21883K, capacity 24003K, committed 24012K, reserved 1048576K
}
Event: 4681.806 GC heap after
{Heap after GC invocations=164 (full 0):
 garbage-first heap   total 519168K, used 214671K [0x0000000080000000, 0x0000000100000000)
  region size 1024K, 6 young (6144K), 6 survivors (6144K)
 Metaspace       used 185515K, capacity 191655K, committed 191948K, reserved 1216512K
  class space    used 21883K, capacity 24003K, committed 24012K, reserved 1048576K
}
Event: 4682.202 GC heap before
{Heap before GC invocations=165 (full 0):
 garbage-first heap   total 519168K, used 386703K [0x0000000080000000, 0x0000000100000000)
  region size 1024K, 198 young (202752K), 6 survivors (6144K)
 Metaspace       used 185561K, capacity 191658K, committed 191948K, reserved 1216512K
  class space    used 21884K, capacity 24003K, committed 24012K, reserved 1048576K
}
Event: 4682.208 GC heap after
{Heap after GC invocations=166 (full 0):
 garbage-first heap   total 519168K, used 197175K [0x0000000080000000, 0x0000000100000000)
  region size 1024K, 12 young (12288K), 12 survivors (12288K)
 Metaspace       used 185561K, capacity 191658K, committed 191948K, reserved 1216512K
  class space    used 21884K, capacity 24003K, committed 24012K, reserved 1048576K
}
Event: 4682.222 GC heap before
{Heap before GC invocations=166 (full 0):
 garbage-first heap   total 519168K, used 209463K [0x0000000080000000, 0x0000000100000000)
  region size 1024K, 25 young (25600K), 12 survivors (12288K)
 Metaspace       used 185561K, capacity 191658K, committed 191948K, reserved 1216512K
  class space    used 21884K, capacity 24003K, committed 24012K, reserved 1048576K
}
Event: 4682.230 GC heap after
{Heap after GC invocations=167 (full 0):
 garbage-first heap   total 519168K, used 161104K [0x0000000080000000, 0x0000000100000000)
  region size 1024K, 2 young (2048K), 2 survivors (2048K)
 Metaspace       used 185561K, capacity 191658K, committed 191948K, reserved 1216512K
  class space    used 21884K, capacity 24003K, committed 24012K, reserved 1048576K
}
Event: 4682.577 GC heap before
{Heap before GC invocations=167 (full 0):
 garbage-first heap   total 519168K, used 358736K [0x0000000080000000, 0x0000000100000000)
  region size 1024K, 197 young (201728K), 2 survivors (2048K)
 Metaspace       used 185676K, capacity 191798K, committed 191948K, reserved 1216512K
  class space    used 21884K, capacity 24003K, committed 24012K, reserved 1048576K
}
Event: 4682.584 GC heap after
{Heap after GC invocations=168 (full 0):
 garbage-first heap   total 519168K, used 162095K [0x0000000080000000, 0x0000000100000000)
  region size 1024K, 3 young (3072K), 3 survivors (3072K)
 Metaspace       used 185676K, capacity 191798K, committed 191948K, reserved 1216512K
  class space    used 21884K, capacity 24003K, committed 24012K, reserved 1048576K
}
Event: 8282.585 GC heap before
{Heap before GC invocations=169 (full 0):
 garbage-first heap   total 519168K, used 404783K [0x0000000080000000, 0x0000000100000000)
  region size 1024K, 203 young (207872K), 3 survivors (3072K)
 Metaspace       used 185689K, capacity 191714K, committed 191948K, reserved 1216512K
  class space    used 21881K, capacity 23999K, committed 24012K, reserved 1048576K
}
Event: 8283.011 GC heap after
{Heap after GC invocations=170 (full 1):
 garbage-first heap   total 372736K, used 106251K [0x0000000080000000, 0x0000000100000000)
  region size 1024K, 0 young (0K), 0 survivors (0K)
 Metaspace       used 185689K, capacity 191714K, committed 191948K, reserved 1216512K
  class space    used 21881K, capacity 23999K, committed 24012K, reserved 1048576K
}
Event: 13117.218 GC heap before
{Heap before GC invocations=170 (full 1):
 garbage-first heap   total 372736K, used 217867K [0x0000000080000000, 0x0000000100000000)
  region size 1024K, 111 young (113664K), 0 survivors (0K)
 Metaspace       used 185857K, capacity 191943K, committed 192076K, reserved 1216512K
  class space    used 21918K, capacity 24089K, committed 24140K, reserved 1048576K
}
Event: 13117.223 GC heap after
{Heap after GC invocations=171 (full 1):
 garbage-first heap   total 372736K, used 106944K [0x0000000080000000, 0x0000000100000000)
  region size 1024K, 1 young (1024K), 1 survivors (1024K)
 Metaspace       used 185857K, capacity 191943K, committed 192076K, reserved 1216512K
  class space    used 21918K, capacity 24089K, committed 24140K, reserved 1048576K
}
Event: 13117.480 GC heap before
{Heap before GC invocations=172 (full 1):
 garbage-first heap   total 372736K, used 126400K [0x0000000080000000, 0x0000000100000000)
  region size 1024K, 14 young (14336K), 1 survivors (1024K)
 Metaspace       used 184494K, capacity 189844K, committed 192460K, reserved 1218560K
  class space    used 21696K, capacity 23650K, committed 24268K, reserved 1048576K
}
Event: 13117.489 GC heap after
{Heap after GC invocations=173 (full 1):
 garbage-first heap   total 372736K, used 117619K [0x0000000080000000, 0x0000000100000000)
  region size 1024K, 4 young (4096K), 4 survivors (4096K)
 Metaspace       used 184494K, capacity 189844K, committed 192460K, reserved 1218560K
  class space    used 21696K, capacity 23650K, committed 24268K, reserved 1048576K
}

